Arguments: 
  C:\Program Files\nodejs\node.exe C:\Users\J\AppData\Roaming\npm\node_modules\yarn\bin\yarn.js add postcss-modules

PATH: 
  C:\Windows\system32;C:\Windows;C:\Windows\System32\Wbem;C:\Windows\System32\WindowsPowerShell\v1.0\;C:\Windows\System32\OpenSSH\;C:\Program Files (x86)\NVIDIA Corporation\PhysX\Common;C:\WINDOWS\system32;C:\WINDOWS;C:\WINDOWS\System32\Wbem;C:\WINDOWS\System32\WindowsPowerShell\v1.0\;C:\WINDOWS\System32\OpenSSH\;C:\Program Files\nodejs\;C:\Program Files\Git\cmd;C:\Users\J\AppData\Local\Microsoft\WindowsApps;C:\Users\J\AppData\Local\atom\bin;C:\Users\J\AppData\Local\Programs\Microsoft VS Code\bin;C:\Users\J\AppData\Roaming\npm;C:\Users\J\AppData\Local\GitHubDesktop\bin

Yarn version: 
  1.22.4

Node version: 
  12.16.1

Platform: 
  win32 x64

Trace: 
  Error: EPERM: operation not permitted, unlink 'C:\Users\J\Desktop\projects\weather-app\node_modules\@parcel\source-map\prebuilds\win32-x64\node.napi.glibc.node'

npm manifest: 
  {
    "name": "weather-app",
    "version": "0.1.0",
    "description": "",
    "scripts": {
      "start": "parcel index.html",
      "build": "parcel build index.html"
    },
    "license": "MIT",
    "dependencies": {
      "react": "^16.13.1",
      "react-dom": "^16.13.1"
    },
    "devDependencies": {
      "babel-preset-nano-react-app": "^0.1.0",
      "parcel": "^2.0.0-alpha.3.2",
      "postcss-modules": "^3.2.0",
      "sass": "^1.26.10"
    },
    "babel": {
      "presets": [
        "nano-react-app"
      ]
    }
  }

yarn manifest: 
  No manifest

Lockfile: 
  No lockfile
